app/proguard-rules.pro
# Add project specific ProGuard rules here.
# By default, the flags in this file are appended to flags specified
# in /Users/qiyue/Library/Android/sdk/tools/proguard/proguard-android.txt
# You can edit the include path and order by changing the proguardFiles
# directive in build.gradle.
#
# For more details, see
#   http://developer.android.com/guide/developing/tools/proguard.html

# Add any project specific keep options here:

# If your project uses WebView with JS, uncomment the following
# and specify the fully qualified class name to the JavaScript interface
# class:
#-keepclassmembers class fqcn.of.javascript.interface.for.webview {
#   public *;
#}

-applymapping mapping.txt

-keepattributes *Annotation*
-dontwarn com.tencent.tinker.anno.AnnotationProcessor
-keep @com.tencent.tinker.anno.DefaultLifeCycle public class *
-keep public class * extends android.app.Application {
    *;
}

-keep public class com.tencent.tinker.loader.app.ApplicationLifeCycle {
    *;
}
-keep public class * implements com.tencent.tinker.loader.app.ApplicationLifeCycle {
    *;
}

-keep public class com.tencent.tinker.loader.TinkerLoader {
    *;
}
-keep public class * extends com.tencent.tinker.loader.TinkerLoader {
    *;
}

-keep public class com.tencent.tinker.loader.TinkerTestDexLoad {
    *;
}

#your dex.loader pattern here
-keep class com.tencent.tinker.loader.**
-keep class com.wangpos.tinkerdemo.SimpleApplication