app/mapping.txt
com.wangpos.tinkerdemo.MainActivity -> com.wangpos.tinkerdemo.MainActivity:
    void <init>() -> <init>
    void onCreate(android.os.Bundle) -> onCreate
    void loadPatch(android.view.View) -> loadPatch
    void onRequestPermissionsResult(int,java.lang.String[],int[]) -> onRequestPermissionsResult
com.wangpos.tinkerdemo.SimpleApplication -> com.wangpos.tinkerdemo.SimpleApplication:
    void <init>() -> <init>
com.wangpos.tinkerdemo.SimpleTinkerInApplicationLike -> com.wangpos.tinkerdemo.SimpleTinkerInApplicationLike:
    void <init>(android.app.Application,int,boolean,long,long,android.content.Intent) -> <init>
    void onBaseContextAttached(android.content.Context) -> onBaseContextAttached
    void onCreate() -> onCreate
...
android.support.v7.view.menu.CascadingMenuPopup$2 -> android.support.v7.view.menu.e$2:
    android.support.v7.view.menu.CascadingMenuPopup this$0 -> a
    void <init>(android.support.v7.view.menu.CascadingMenuPopup) -> <init>
    void onItemHoverExit(android.support.v7.view.menu.MenuBuilder,android.view.MenuItem) -> a
    void onItemHoverEnter(android.support.v7.view.menu.MenuBuilder,android.view.MenuItem) -> b
android.support.v7.view.menu.CascadingMenuPopup$2$1 -> android.support.v7.view.menu.e$2$1:
    android.support.v7.view.menu.CascadingMenuPopup$CascadingMenuInfo val$nextInfo -> a
    android.view.MenuItem val$item -> b
    android.support.v7.view.menu.MenuBuilder val$menu -> c
    android.support.v7.view.menu.CascadingMenuPopup$2 this$1 -> d
    void <init>(android.support.v7.view.menu.CascadingMenuPopup$2,android.support.v7.view.menu.CascadingMenuPopup$CascadingMenuInfo,android.view.MenuItem,android.support.v7.view.menu.MenuBuilder) -> <init>
    void run() -> run
android.support.v7.view.menu.CascadingMenuPopup$CascadingMenuInfo -> android.support.v7.view.menu.e$a:
    android.support.v7.widget.MenuPopupWindow window -> a
    android.support.v7.view.menu.MenuBuilder menu -> b
    int position -> c
    void <init>(android.support.v7.widget.MenuPopupWindow,android.support.v7.view.menu.MenuBuilder,int) -> <init>
    android.widget.ListView getListView() -> a
android.support.v7.view.menu.ExpandedMenuView -> android.support.v7.view.menu.ExpandedMenuView:
    int[] TINT_ATTRS -> a
    android.support.v7.view.menu.MenuBuilder mMenu -> b
    int mAnimations -> c
    void <init>(android.content.Context,android.util.AttributeSet) -> <init>
    void <init>(android.content.Context,android.util.AttributeSet,int) -> <init>
    void initialize(android.support.v7.view.menu.MenuBuilder) -> a
    void onDetachedFromWindow() -> onDetachedFromWindow
    boolean invokeItem(android.support.v7.view.menu.MenuItemImpl) -> a
    void onItemClick(android.widget.AdapterView,android.view.View,int,long) -> onItemClick
    int getWindowAnimations() -> getWindowAnimations
    void <clinit>() -> <clinit>
android.support.v7.view.menu.ListMenuItemView -> android.support.v7.view.menu.ListMenuItemView:
    android.support.v7.view.menu.MenuItemImpl mItemData -> a
    android.widget.ImageView mIconView -> b
    android.widget.RadioButton mRadioButton -> c
    android.widget.TextView mTitleView -> d
    android.widget.CheckBox mCheckBox -> e
    android.widget.TextView mShortcutView -> f
    android.widget.ImageView mSubMenuArrowView -> g
    android.graphics.drawable.Drawable mBackground -> h
    int mTextAppearance -> i
    android.content.Context mTextAppearanceContext -> j
    boolean mPreserveIconSpacing -> k
    android.graphics.drawable.Drawable mSubMenuArrow -> l
    int mMenuType -> m
    android.view.LayoutInflater mInflater -> n
    boolean mForceShowIcon -> o
    void <init>(android.content.Context,android.util.AttributeSet) -> <init>
    void <init>(android.content.Context,android.util.AttributeSet,int) -> <init>
    void onFinishInflate() -> onFinishInflate
    void initialize(android.support.v7.view.menu.MenuItemImpl,int) -> a
    void setForceShowIcon(boolean) -> setForceShowIcon
    void setTitle(java.lang.CharSequence) -> setTitle
    android.support.v7.view.menu.MenuItemImpl getItemData() -> getItemData
    void setCheckable(boolean) -> setCheckable
    void setChecked(boolean) -> setChecked
    void setSubMenuArrowVisible(boolean) -> setSubMenuArrowVisible
    void setShortcut(boolean,char) -> a
    void setIcon(android.graphics.drawable.Drawable) -> setIcon